This is pdfTeX, Version 3.1415926-1.40.10 (TeX Live 2009/Debian) (format=latex 2012.7.12)  31 JUL 2012 15:00
entering extended mode
 %&-line parsing enabled.
**./images.tex
(./images.tex
LaTeX2e <2009/09/24>
Babel <v3.8l> and hyphenation patterns for english, usenglishmax, dumylang, noh
yphenation, farsi, arabic, croatian, bulgarian, ukrainian, russian, czech, slov
ak, danish, dutch, finnish, french, basque, ngerman, german, german-x-2009-06-1
9, ngerman-x-2009-06-19, ibycus, monogreek, greek, ancientgreek, hungarian, san
skrit, italian, latin, latvian, lithuanian, mongolian2a, mongolian, bokmal, nyn
orsk, romanian, irish, coptic, serbian, turkish, welsh, esperanto, uppersorbian
, estonian, indonesian, interlingua, icelandic, kurmanji, slovenian, polish, po
rtuguese, spanish, galician, catalan, swedish, ukenglish, pinyin, loaded.

(/usr/share/texmf-texlive/tex/latex/base/article.cls
Document Class: article 2007/10/19 v1.4h Standard LaTeX document class
(/usr/share/texmf-texlive/tex/latex/base/size10.clo
File: size10.clo 2007/10/19 v1.4h Standard LaTeX file (size option)
)
\c@part=\count79
\c@section=\count80
\c@subsection=\count81
\c@subsubsection=\count82
\c@paragraph=\count83
\c@subparagraph=\count84
\c@figure=\count85
\c@table=\count86
\abovecaptionskip=\skip41
\belowcaptionskip=\skip42
\bibindent=\dimen102
) (/usr/share/texmf-texlive/tex/latex/base/ifthen.sty
Package: ifthen 2001/05/26 v1.1c Standard LaTeX ifthen package (DPC)
) (/usr/share/texmf-texlive/tex/latex/graphics/graphicx.sty
Package: graphicx 1999/02/16 v1.0f Enhanced LaTeX Graphics (DPC,SPQR)
(/usr/share/texmf-texlive/tex/latex/graphics/keyval.sty
Package: keyval 1999/03/16 v1.13 key=value parser (DPC)
\KV@toks@=\toks14
) (/usr/share/texmf-texlive/tex/latex/graphics/graphics.sty
Package: graphics 2009/02/05 v1.0o Standard LaTeX Graphics (DPC,SPQR)
(/usr/share/texmf-texlive/tex/latex/graphics/trig.sty
Package: trig 1999/03/16 v1.09 sin cos tan (DPC)
) (/etc/texmf/tex/latex/config/graphics.cfg
File: graphics.cfg 2009/08/28 v1.8 graphics configuration of TeX Live
)
Package graphics Info: Driver file: dvips.def on input line 91.
(/usr/share/texmf-texlive/tex/latex/graphics/dvips.def
File: dvips.def 1999/02/16 v3.0i Driver-dependant file (DPC,SPQR)
))
\Gin@req@height=\dimen103
\Gin@req@width=\dimen104
) (/usr/share/texmf-texlive/tex/latex/rotating/rotating.sty
Package: rotating 2009/03/28 v2.16a rotated objects in LaTeX
\c@r@tfl@t=\count87
\rotFPtop=\skip43
\rotFPbot=\skip44
\rot@float@box=\box26
\rot@mess@toks=\toks15
) (/usr/share/texmf-texlive/tex/latex/multirow/multirow.sty
\bigstrutjot=\dimen105
) (/usr/share/texmf-texlive/tex/latex/base/latexsym.sty
Package: latexsym 1998/08/17 v2.2e Standard LaTeX package (lasy symbols)
\symlasy=\mathgroup4
LaTeX Font Info:    Overwriting symbol font `lasy' in version `bold'
(Font)                  U/lasy/m/n --> U/lasy/b/n on input line 47.
) (/usr/share/texmf-texlive/tex/latex/setspace/setspace.sty
Package: setspace 2000/12/01 6.7 Contributed and Supported LaTeX2e package
Package: `setspace' 6.7 <2000/12/01>
) (/usr/share/texmf-texlive/tex/latex/ltxmisc/url.sty
\Urlmuskip=\muskip10
Package: url 2006/04/12  ver 3.3  Verb mode for urls, etc.
) (/usr/share/texmf-texlive/tex/latex/natbib/natbib.sty
Package: natbib 2009/07/16 8.31 (PWD, AO)
\bibhang=\skip45
\bibsep=\skip46
LaTeX Info: Redefining \cite on input line 694.
\c@NAT@ctr=\count88
)
\c@examplecounter=\count89
(/usr/share/texmf-texlive/tex/latex/graphics/color.sty
Package: color 2005/11/14 v1.0j Standard LaTeX Color (DPC)
(/etc/texmf/tex/latex/config/color.cfg
File: color.cfg 2007/01/18 v1.5 color configuration of teTeX/TeXLive
)
Package color Info: Driver file: dvips.def on input line 130.
(/usr/share/texmf-texlive/tex/latex/graphics/dvipsnam.def
File: dvipsnam.def 1999/02/16 v3.0i Driver-dependant file (DPC,SPQR)
)) (/usr/share/texmf-texlive/tex/latex/base/inputenc.sty
Package: inputenc 2008/03/30 v1.1d Input encoding file
\inpenc@prehook=\toks16
\inpenc@posthook=\toks17
(/usr/share/texmf-texlive/tex/latex/base/latin1.def
File: latin1.def 2008/03/30 v1.1d Input encoding file
))
\sizebox=\box27
\lthtmlwrite=\write3
(./images.aux (/home/jmccrae/Documents/lemon-cookbook/description.html.aux) (/h
ome/jmccrae/Documents/lemon-cookbook/variation.html.aux) (/home/jmccrae/Documen
ts/lemon-cookbook/phrasestructure.html.aux) (/home/jmccrae/Documents/lemon-cook
book/syntax-mapping.html.aux) (/home/jmccrae/Documents/lemon-cookbook/morpholog
y.html.aux) (/home/jmccrae/Documents/lemon-cookbook/advanced.html.aux))
\openout1 = `images.aux'.

LaTeX Font Info:    Checking defaults for OML/cmm/m/it on input line 156.
LaTeX Font Info:    ... okay on input line 156.
LaTeX Font Info:    Checking defaults for T1/cmr/m/n on input line 156.
LaTeX Font Info:    ... okay on input line 156.
LaTeX Font Info:    Checking defaults for OT1/cmr/m/n on input line 156.
LaTeX Font Info:    ... okay on input line 156.
LaTeX Font Info:    Checking defaults for OMS/cmsy/m/n on input line 156.
LaTeX Font Info:    ... okay on input line 156.
LaTeX Font Info:    Checking defaults for OMX/cmex/m/n on input line 156.
LaTeX Font Info:    ... okay on input line 156.
LaTeX Font Info:    Checking defaults for U/cmr/m/n on input line 156.
LaTeX Font Info:    ... okay on input line 156.
(/home/jmccrae/Documents/lemon-cookbook/lemon-cookbook.html.aux

LaTeX Warning: Label `core' multiply defined.

(/home/jmccrae/Documents/lemon-cookbook/description.html.aux

LaTeX Warning: Label `topics' multiply defined.

) (/home/jmccrae/Documents/lemon-cookbook/variation.html.aux) (/home/jmccrae/Do
cuments/lemon-cookbook/phrasestructure.html.aux

LaTeX Warning: Label `mwe' multiply defined.


LaTeX Warning: Label `nyc1' multiply defined.

) (/home/jmccrae/Documents/lemon-cookbook/syntax-mapping.html.aux

LaTeX Warning: Label `semArgRef' multiply defined.


LaTeX Warning: Label `correspondence' multiply defined.

) (/home/jmccrae/Documents/lemon-cookbook/morphology.html.aux

LaTeX Warning: Label `liam' multiply defined.

) (/home/jmccrae/Documents/lemon-cookbook/advanced.html.aux

LaTeX Warning: Label `sense-section' multiply defined.

)

LaTeX Warning: Label `lmf' multiply defined.


Package natbib Warning: Citation `lexinfo-jws' multiply defined.


Package natbib Warning: Citation `lmf' multiply defined.


Package natbib Warning: Citation `skos-reference' multiply defined.


Package natbib Warning: Citation `lir' multiply defined.


Package natbib Warning: Citation `romary' multiply defined.

)

latex2htmlLength hsize=349.0pt

latex2htmlLength vsize=633.0pt

latex2htmlLength hoffset=0.0pt

latex2htmlLength voffset=0.0pt

latex2htmlLength topmargin=0.0pt

latex2htmlLength topskip=0.00003pt

latex2htmlLength headheight=0.0pt

latex2htmlLength headsep=0.0pt

latex2htmlLength parskip=0.0pt plus 1.0pt

latex2htmlLength oddsidemargin=62.0pt

latex2htmlLength evensidemargin=62.0pt

LaTeX Font Info:    External font `cmex10' loaded for size
(Font)              <7> on input line 181.
LaTeX Font Info:    External font `cmex10' loaded for size
(Font)              <5> on input line 181.
LaTeX Font Info:    Try loading font information for U+lasy on input line 181.
(/usr/share/texmf-texlive/tex/latex/base/ulasy.fd
File: ulasy.fd 1998/08/17 v2.2e LaTeX symbol font definitions
)
l2hSize :tex2html_wrap_inline289:8.14003pt::0.0pt::4.98616pt.
[1



]
l2hSize :tex2html_wrap_inline291:8.14003pt::0.0pt::4.98616pt.
[2


]
l2hSize :tex2html_wrap_inline293:8.14003pt::0.0pt::4.98616pt.
[3


]
l2hSize :tex2html_wrap_inline297:8.14003pt::0.0pt::4.98616pt.
[4


]
l2hSize :tex2html_wrap_inline303:8.14003pt::0.0pt::4.98616pt.
[5


]
l2hSize :tex2html_wrap_inline319:8.14003pt::0.0pt::4.98616pt.
[6


]

Package natbib Warning: There were multiply defined citations.

(./images.aux)

LaTeX Warning: There were multiply-defined labels.

 ) 
Here is how much of TeX's memory you used:
 1441 strings out of 493849
 20016 string characters out of 1152846
 66137 words of memory out of 3000000
 4704 multiletter control sequences out of 15000+50000
 3958 words of font info for 17 fonts, out of 3000000 for 9000
 714 hyphenation exceptions out of 8191
 25i,5n,23p,259b,145s stack positions out of 5000i,500n,10000p,200000b,50000s

Output written on images.dvi (6 pages, 1408 bytes).
